# JRE version: OpenJDK Runtime Environment (7.0_79-b14) (build 1.7.0_79-b14)
# Java VM: OpenJDK 64-Bit Server VM (24.79-b02 mixed mode linux-amd64 compressed oops)
Heap
 PSYoungGen      total 331264K, used 74118K [0x00000000eaa80000, 0x0000000100000000, 0x0000000100000000)
  eden space 314880K, 20% used [0x00000000eaa80000,0x00000000eea70798,0x00000000fde00000)
  from space 16384K, 52% used [0x00000000fde00000,0x00000000fe671110,0x00000000fee00000)
  to   space 16384K, 0% used [0x00000000ff000000,0x00000000ff000000,0x0000000100000000)
 ParOldGen       total 629760K, used 471830K [0x00000000c0000000, 0x00000000e6700000, 0x00000000eaa80000)
  object space 629760K, 74% used [0x00000000c0000000,0x00000000dccc5970,0x00000000e6700000)
 PSPermGen       total 262144K, used 141550K [0x00000000a0000000, 0x00000000b0000000, 0x00000000c0000000)
  object space 262144K, 53% used [0x00000000a0000000,0x00000000a8a3ba40,0x00000000b0000000)
GC Heap History (10 events):
Event: 3891.699 GC heap before
{Heap before GC invocations=451 (full 5):
 PSYoungGen      total 327680K, used 311217K [0x00000000eaa80000, 0x0000000100000000, 0x0000000100000000)
  eden space 308736K, 100% used [0x00000000eaa80000,0x00000000fd800000,0x00000000fd800000)
  from space 18944K, 13% used [0x00000000fd800000,0x00000000fda6c610,0x00000000fea80000)
  to   space 18432K, 0% used [0x00000000fee00000,0x00000000fee00000,0x0000000100000000)
 ParOldGen       total 575488K, used 559692K [0x00000000c0000000, 0x00000000e3200000, 0x00000000eaa80000)
  object space 575488K, 97% used [0x00000000c0000000,0x00000000e2293290,0x00000000e3200000)
 PSPermGen       total 262144K, used 142173K [0x00000000a0000000, 0x00000000b0000000, 0x00000000c0000000)
  object space 262144K, 54% used [0x00000000a0000000,0x00000000a8ad76d8,0x00000000b0000000)
Event: 3891.710 GC heap after
Heap after GC invocations=451 (full 5):
 PSYoungGen      total 329216K, used 3175K [0x00000000eaa80000, 0x00000000ffe80000, 0x0000000100000000)
  eden space 312320K, 0% used [0x00000000eaa80000,0x00000000eaa80000,0x00000000fdb80000)
  from space 16896K, 18% used [0x00000000fee00000,0x00000000ff119dd0,0x00000000ffe80000)
  to   space 17920K, 0% used [0x00000000fdb80000,0x00000000fdb80000,0x00000000fed00000)
 ParOldGen       total 575488K, used 559716K [0x00000000c0000000, 0x00000000e3200000, 0x00000000eaa80000)
  object space 575488K, 97% used [0x00000000c0000000,0x00000000e2299290,0x00000000e3200000)
 PSPermGen       total 262144K, used 142173K [0x00000000a0000000, 0x00000000b0000000, 0x00000000c0000000)
  object space 262144K, 54% used [0x00000000a0000000,0x00000000a8ad76d8,0x00000000b0000000)
}
Event: 3892.245 GC heap before
{Heap before GC invocations=452 (full 5):
 PSYoungGen      total 329216K, used 315495K [0x00000000eaa80000, 0x00000000ffe80000, 0x0000000100000000)
  eden space 312320K, 100% used [0x00000000eaa80000,0x00000000fdb80000,0x00000000fdb80000)
  from space 16896K, 18% used [0x00000000fee00000,0x00000000ff119dd0,0x00000000ffe80000)
  to   space 17920K, 0% used [0x00000000fdb80000,0x00000000fdb80000,0x00000000fed00000)
 ParOldGen       total 575488K, used 559716K [0x00000000c0000000, 0x00000000e3200000, 0x00000000eaa80000)
  object space 575488K, 97% used [0x00000000c0000000,0x00000000e2299290,0x00000000e3200000)
 PSPermGen       total 262144K, used 142251K [0x00000000a0000000, 0x00000000b0000000, 0x00000000c0000000)
  object space 262144K, 54% used [0x00000000a0000000,0x00000000a8aeac70,0x00000000b0000000)
Event: 3892.267 GC heap after
Heap after GC invocations=452 (full 5):
 PSYoungGen      total 330240K, used 5584K [0x00000000eaa80000, 0x00000000fff00000, 0x0000000100000000)
  eden space 312320K, 0% used [0x00000000eaa80000,0x00000000eaa80000,0x00000000fdb80000)
  from space 17920K, 31% used [0x00000000fdb80000,0x00000000fe0f4010,0x00000000fed00000)
  to   space 16896K, 0% used [0x00000000fee80000,0x00000000fee80000,0x00000000fff00000)
 ParOldGen       total 575488K, used 560796K [0x00000000c0000000, 0x00000000e3200000, 0x00000000eaa80000)
  object space 575488K, 97% used [0x00000000c0000000,0x00000000e23a72b0,0x00000000e3200000)
 PSPermGen       total 262144K, used 142251K [0x00000000a0000000, 0x00000000b0000000, 0x00000000c0000000)
  object space 262144K, 54% used [0x00000000a0000000,0x00000000a8aeac70,0x00000000b0000000)
}
Event: 3892.325 GC heap before
{Heap before GC invocations=453 (full 5):
 PSYoungGen      total 330240K, used 317904K [0x00000000eaa80000, 0x00000000fff00000, 0x0000000100000000)
  eden space 312320K, 100% used [0x00000000eaa80000,0x00000000fdb80000,0x00000000fdb80000)
  from space 17920K, 31% used [0x00000000fdb80000,0x00000000fe0f4010,0x00000000fed00000)
  to   space 16896K, 0% used [0x00000000fee80000,0x00000000fee80000,0x00000000fff00000)
 ParOldGen       total 575488K, used 560796K [0x00000000c0000000, 0x00000000e3200000, 0x00000000eaa80000)
  object space 575488K, 97% used [0x00000000c0000000,0x00000000e23a72b0,0x00000000e3200000)
 PSPermGen       total 262144K, used 142252K [0x00000000a0000000, 0x00000000b0000000, 0x00000000c0000000)
  object space 262144K, 54% used [0x00000000a0000000,0x00000000a8aeb2d8,0x00000000b0000000)
Event: 3892.341 GC heap after
Heap after GC invocations=453 (full 5):
 PSYoungGen      total 330752K, used 2016K [0x00000000eaa80000, 0x00000000ffe00000, 0x0000000100000000)
  eden space 314880K, 0% used [0x00000000eaa80000,0x00000000eaa80000,0x00000000fde00000)
  from space 15872K, 12% used [0x00000000fee80000,0x00000000ff078160,0x00000000ffe00000)
  to   space 16384K, 0% used [0x00000000fde00000,0x00000000fde00000,0x00000000fee00000)
 ParOldGen       total 575488K, used 566281K [0x00000000c0000000, 0x00000000e3200000, 0x00000000eaa80000)
  object space 575488K, 98% used [0x00000000c0000000,0x00000000e29024b0,0x00000000e3200000)
 PSPermGen       total 262144K, used 142252K [0x00000000a0000000, 0x00000000b0000000, 0x00000000c0000000)
  object space 262144K, 54% used [0x00000000a0000000,0x00000000a8aeb2d8,0x00000000b0000000)
}
Event: 3892.341 GC heap before
{Heap before GC invocations=454 (full 6):
 PSYoungGen      total 330752K, used 2016K [0x00000000eaa80000, 0x00000000ffe00000, 0x0000000100000000)
  eden space 314880K, 0% used [0x00000000eaa80000,0x00000000eaa80000,0x00000000fde00000)
  from space 15872K, 12% used [0x00000000fee80000,0x00000000ff078160,0x00000000ffe00000)
  to   space 16384K, 0% used [0x00000000fde00000,0x00000000fde00000,0x00000000fee00000)
 ParOldGen       total 575488K, used 566281K [0x00000000c0000000, 0x00000000e3200000, 0x00000000eaa80000)
  object space 575488K, 98% used [0x00000000c0000000,0x00000000e29024b0,0x00000000e3200000)
 PSPermGen       total 262144K, used 142252K [0x00000000a0000000, 0x00000000b0000000, 0x00000000c0000000)
  object space 262144K, 54% used [0x00000000a0000000,0x00000000a8aeb2d8,0x00000000b0000000)
Event: 3893.098 GC heap after
Heap after GC invocations=454 (full 6):
 PSYoungGen      total 330752K, used 0K [0x00000000eaa80000, 0x00000000ffe00000, 0x0000000100000000)
  eden space 314880K, 0% used [0x00000000eaa80000,0x00000000eaa80000,0x00000000fde00000)
  from space 15872K, 0% used [0x00000000fee80000,0x00000000fee80000,0x00000000ffe00000)
  to   space 16384K, 0% used [0x00000000fde00000,0x00000000fde00000,0x00000000fee00000)
 ParOldGen       total 629760K, used 471830K [0x00000000c0000000, 0x00000000e6700000, 0x00000000eaa80000)
  object space 629760K, 74% used [0x00000000c0000000,0x00000000dccc5970,0x00000000e6700000)
 PSPermGen       total 262144K, used 141525K [0x00000000a0000000, 0x00000000b0000000, 0x00000000c0000000)
  object space 262144K, 53% used [0x00000000a0000000,0x00000000a8a35780,0x00000000b0000000)
}
Event: 3893.454 GC heap before
{Heap before GC invocations=455 (full 6):
 PSYoungGen      total 330752K, used 314880K [0x00000000eaa80000, 0x00000000ffe00000, 0x0000000100000000)
  eden space 314880K, 100% used [0x00000000eaa80000,0x00000000fde00000,0x00000000fde00000)
  from space 15872K, 0% used [0x00000000fee80000,0x00000000fee80000,0x00000000ffe00000)
  to   space 16384K, 0% used [0x00000000fde00000,0x00000000fde00000,0x00000000fee00000)
 ParOldGen       total 629760K, used 471830K [0x00000000c0000000, 0x00000000e6700000, 0x00000000eaa80000)
  object space 629760K, 74% used [0x00000000c0000000,0x00000000dccc5970,0x00000000e6700000)
 PSPermGen       total 262144K, used 141536K [0x00000000a0000000, 0x00000000b0000000, 0x00000000c0000000)
  object space 262144K, 53% used [0x00000000a0000000,0x00000000a8a38030,0x00000000b0000000)
Event: 3893.464 GC heap after
Heap after GC invocations=455 (full 6):
 PSYoungGen      total 331264K, used 8644K [0x00000000eaa80000, 0x0000000100000000, 0x0000000100000000)
  eden space 314880K, 0% used [0x00000000eaa80000,0x00000000eaa80000,0x00000000fde00000)
  from space 16384K, 52% used [0x00000000fde00000,0x00000000fe671110,0x00000000fee00000)
  to   space 16384K, 0% used [0x00000000ff000000,0x00000000ff000000,0x0000000100000000)
 ParOldGen       total 629760K, used 471830K [0x00000000c0000000, 0x00000000e6700000, 0x00000000eaa80000)
  object space 629760K, 74% used [0x00000000c0000000,0x00000000dccc5970,0x00000000e6700000)
 PSPermGen       total 262144K, used 141536K [0x00000000a0000000, 0x00000000b0000000, 0x00000000c0000000)
  object space 262144K, 53% used [0x00000000a0000000,0x00000000a8a38030,0x00000000b0000000)
}

