# JRE version: OpenJDK Runtime Environment (7.0_79-b14) (build 1.7.0_79-b14)
# Java VM: OpenJDK 64-Bit Server VM (24.79-b02 mixed mode linux-amd64 compressed oops)
Heap
 PSYoungGen      total 323072K, used 262623K [0x00000000eaa80000, 0x0000000100000000, 0x0000000100000000)
  eden space 306688K, 80% used [0x00000000eaa80000,0x00000000f9af8440,0x00000000fd600000)
  from space 16384K, 99% used [0x00000000ff000000,0x00000000fffffbb8,0x0000000100000000)
  to   space 21504K, 0% used [0x00000000fd600000,0x00000000fd600000,0x00000000feb00000)
 ParOldGen       total 402944K, used 346325K [0x00000000c0000000, 0x00000000d8980000, 0x00000000eaa80000)
  object space 402944K, 85% used [0x00000000c0000000,0x00000000d52356a8,0x00000000d8980000)
 PSPermGen       total 262144K, used 123580K [0x00000000a0000000, 0x00000000b0000000, 0x00000000c0000000)
  object space 262144K, 47% used [0x00000000a0000000,0x00000000a78af160,0x00000000b0000000)
GC Heap History (10 events):
Event: 58956.173 GC heap before
{Heap before GC invocations=669 (full 33):
 PSYoungGen      total 330752K, used 319227K [0x00000000eaa80000, 0x00000000ffd80000, 0x0000000100000000)
  eden space 314368K, 100% used [0x00000000eaa80000,0x00000000fdd80000,0x00000000fdd80000)
  from space 16384K, 29% used [0x00000000fdd80000,0x00000000fe23ed40,0x00000000fed80000)
  to   space 15360K, 0% used [0x00000000fee80000,0x00000000fee80000,0x00000000ffd80000)
 ParOldGen       total 402944K, used 333878K [0x00000000c0000000, 0x00000000d8980000, 0x00000000eaa80000)
  object space 402944K, 82% used [0x00000000c0000000,0x00000000d460da40,0x00000000d8980000)
 PSPermGen       total 262144K, used 123558K [0x00000000a0000000, 0x00000000b0000000, 0x00000000c0000000)
  object space 262144K, 47% used [0x00000000a0000000,0x00000000a78a9938,0x00000000b0000000)
Event: 58956.187 GC heap after
Heap after GC invocations=669 (full 33):
 PSYoungGen      total 329216K, used 14436K [0x00000000eaa80000, 0x0000000100000000, 0x0000000100000000)
  eden space 313856K, 0% used [0x00000000eaa80000,0x00000000eaa80000,0x00000000fdd00000)
  from space 15360K, 93% used [0x00000000fee80000,0x00000000ffc99040,0x00000000ffd80000)
  to   space 17920K, 0% used [0x00000000fdd00000,0x00000000fdd00000,0x00000000fee80000)
 ParOldGen       total 402944K, used 335202K [0x00000000c0000000, 0x00000000d8980000, 0x00000000eaa80000)
  object space 402944K, 83% used [0x00000000c0000000,0x00000000d4758ac0,0x00000000d8980000)
 PSPermGen       total 262144K, used 123558K [0x00000000a0000000, 0x00000000b0000000, 0x00000000c0000000)
  object space 262144K, 47% used [0x00000000a0000000,0x00000000a78a9938,0x00000000b0000000)
}
Event: 58956.653 GC heap before
{Heap before GC invocations=670 (full 33):
 PSYoungGen      total 329216K, used 328292K [0x00000000eaa80000, 0x0000000100000000, 0x0000000100000000)
  eden space 313856K, 100% used [0x00000000eaa80000,0x00000000fdd00000,0x00000000fdd00000)
  from space 15360K, 93% used [0x00000000fee80000,0x00000000ffc99040,0x00000000ffd80000)
  to   space 17920K, 0% used [0x00000000fdd00000,0x00000000fdd00000,0x00000000fee80000)
 ParOldGen       total 402944K, used 335202K [0x00000000c0000000, 0x00000000d8980000, 0x00000000eaa80000)
  object space 402944K, 83% used [0x00000000c0000000,0x00000000d4758ac0,0x00000000d8980000)
 PSPermGen       total 262144K, used 123558K [0x00000000a0000000, 0x00000000b0000000, 0x00000000c0000000)
  object space 262144K, 47% used [0x00000000a0000000,0x00000000a78a9938,0x00000000b0000000)
Event: 58956.665 GC heap after
Heap after GC invocations=670 (full 33):
 PSYoungGen      total 331776K, used 9697K [0x00000000eaa80000, 0x0000000100000000, 0x0000000100000000)
  eden space 313856K, 0% used [0x00000000eaa80000,0x00000000eaa80000,0x00000000fdd00000)
  from space 17920K, 54% used [0x00000000fdd00000,0x00000000fe678468,0x00000000fee80000)
  to   space 17920K, 0% used [0x00000000fee80000,0x00000000fee80000,0x0000000100000000)
 ParOldGen       total 402944K, used 339583K [0x00000000c0000000, 0x00000000d8980000, 0x00000000eaa80000)
  object space 402944K, 84% used [0x00000000c0000000,0x00000000d4b9fc08,0x00000000d8980000)
 PSPermGen       total 262144K, used 123558K [0x00000000a0000000, 0x00000000b0000000, 0x00000000c0000000)
  object space 262144K, 47% used [0x00000000a0000000,0x00000000a78a9938,0x00000000b0000000)
}
Event: 58957.126 GC heap before
{Heap before GC invocations=671 (full 33):
 PSYoungGen      total 331776K, used 323553K [0x00000000eaa80000, 0x0000000100000000, 0x0000000100000000)
  eden space 313856K, 100% used [0x00000000eaa80000,0x00000000fdd00000,0x00000000fdd00000)
  from space 17920K, 54% used [0x00000000fdd00000,0x00000000fe678468,0x00000000fee80000)
  to   space 17920K, 0% used [0x00000000fee80000,0x00000000fee80000,0x0000000100000000)
 ParOldGen       total 402944K, used 339583K [0x00000000c0000000, 0x00000000d8980000, 0x00000000eaa80000)
  object space 402944K, 84% used [0x00000000c0000000,0x00000000d4b9fc08,0x00000000d8980000)
 PSPermGen       total 262144K, used 123558K [0x00000000a0000000, 0x00000000b0000000, 0x00000000c0000000)
  object space 262144K, 47% used [0x00000000a0000000,0x00000000a78a9938,0x00000000b0000000)
Event: 58957.135 GC heap after
Heap after GC invocations=671 (full 33):
 PSYoungGen      total 329728K, used 7472K [0x00000000eaa80000, 0x00000000ffe00000, 0x0000000100000000)
  eden space 313856K, 0% used [0x00000000eaa80000,0x00000000eaa80000,0x00000000fdd00000)
  from space 15872K, 47% used [0x00000000fee80000,0x00000000ff5cc2d0,0x00000000ffe00000)
  to   space 16896K, 0% used [0x00000000fdd00000,0x00000000fdd00000,0x00000000fed80000)
 ParOldGen       total 402944K, used 339623K [0x00000000c0000000, 0x00000000d8980000, 0x00000000eaa80000)
  object space 402944K, 84% used [0x00000000c0000000,0x00000000d4ba9c18,0x00000000d8980000)
 PSPermGen       total 262144K, used 123558K [0x00000000a0000000, 0x00000000b0000000, 0x00000000c0000000)
  object space 262144K, 47% used [0x00000000a0000000,0x00000000a78a9938,0x00000000b0000000)
}
Event: 58957.708 GC heap before
{Heap before GC invocations=672 (full 33):
 PSYoungGen      total 329728K, used 321328K [0x00000000eaa80000, 0x00000000ffe00000, 0x0000000100000000)
  eden space 313856K, 100% used [0x00000000eaa80000,0x00000000fdd00000,0x00000000fdd00000)
  from space 15872K, 47% used [0x00000000fee80000,0x00000000ff5cc2d0,0x00000000ffe00000)
  to   space 16896K, 0% used [0x00000000fdd00000,0x00000000fdd00000,0x00000000fed80000)
 ParOldGen       total 402944K, used 339623K [0x00000000c0000000, 0x00000000d8980000, 0x00000000eaa80000)
  object space 402944K, 84% used [0x00000000c0000000,0x00000000d4ba9c18,0x00000000d8980000)
 PSPermGen       total 262144K, used 123571K [0x00000000a0000000, 0x00000000b0000000, 0x00000000c0000000)
  object space 262144K, 47% used [0x00000000a0000000,0x00000000a78acdb0,0x00000000b0000000)
Event: 58957.717 GC heap after
Heap after GC invocations=672 (full 33):
 PSYoungGen      total 330752K, used 8512K [0x00000000eaa80000, 0x0000000100000000, 0x0000000100000000)
  eden space 313856K, 0% used [0x00000000eaa80000,0x00000000eaa80000,0x00000000fdd00000)
  from space 16896K, 50% used [0x00000000fdd00000,0x00000000fe5503c0,0x00000000fed80000)
  to   space 16384K, 0% used [0x00000000ff000000,0x00000000ff000000,0x0000000100000000)
 ParOldGen       total 402944K, used 339639K [0x00000000c0000000, 0x00000000d8980000, 0x00000000eaa80000)
  object space 402944K, 84% used [0x00000000c0000000,0x00000000d4badc18,0x00000000d8980000)
 PSPermGen       total 262144K, used 123571K [0x00000000a0000000, 0x00000000b0000000, 0x00000000c0000000)
  object space 262144K, 47% used [0x00000000a0000000,0x00000000a78acdb0,0x00000000b0000000)
}
Event: 58958.301 GC heap before
{Heap before GC invocations=673 (full 33):
 PSYoungGen      total 330752K, used 322368K [0x00000000eaa80000, 0x0000000100000000, 0x0000000100000000)
  eden space 313856K, 100% used [0x00000000eaa80000,0x00000000fdd00000,0x00000000fdd00000)
  from space 16896K, 50% used [0x00000000fdd00000,0x00000000fe5503c0,0x00000000fed80000)
  to   space 16384K, 0% used [0x00000000ff000000,0x00000000ff000000,0x0000000100000000)
 ParOldGen       total 402944K, used 339639K [0x00000000c0000000, 0x00000000d8980000, 0x00000000eaa80000)
  object space 402944K, 84% used [0x00000000c0000000,0x00000000d4badc18,0x00000000d8980000)
 PSPermGen       total 262144K, used 123580K [0x00000000a0000000, 0x00000000b0000000, 0x00000000c0000000)
  object space 262144K, 47% used [0x00000000a0000000,0x00000000a78af088,0x00000000b0000000)
Event: 58958.321 GC heap after
Heap after GC invocations=673 (full 33):
 PSYoungGen      total 323072K, used 16382K [0x00000000eaa80000, 0x0000000100000000, 0x0000000100000000)
  eden space 306688K, 0% used [0x00000000eaa80000,0x00000000eaa80000,0x00000000fd600000)
  from space 16384K, 99% used [0x00000000ff000000,0x00000000fffffbb8,0x0000000100000000)
  to   space 21504K, 0% used [0x00000000fd600000,0x00000000fd600000,0x00000000feb00000)
 ParOldGen       total 402944K, used 346325K [0x00000000c0000000, 0x00000000d8980000, 0x00000000eaa80000)
  object space 402944K, 85% used [0x00000000c0000000,0x00000000d52356a8,0x00000000d8980000)
 PSPermGen       total 262144K, used 123580K [0x00000000a0000000, 0x00000000b0000000, 0x00000000c0000000)
  object space 262144K, 47% used [0x00000000a0000000,0x00000000a78af088,0x00000000b0000000)
}

