# JRE version: OpenJDK Runtime Environment (7.0_79-b14) (build 1.7.0_79-b14)
# Java VM: OpenJDK 64-Bit Server VM (24.79-b02 mixed mode linux-amd64 compressed oops)
Heap
 PSYoungGen      total 322048K, used 0K [0x00000000eaa80000, 0x0000000100000000, 0x0000000100000000)
  eden space 294400K, 0% used [0x00000000eaa80000,0x00000000eaa80000,0x00000000fca00000)
  from space 27648K, 0% used [0x00000000fca00000,0x00000000fca00000,0x00000000fe500000)
  to   space 27136K, 0% used [0x00000000fe580000,0x00000000fe580000,0x0000000100000000)
 ParOldGen       total 627200K, used 570995K [0x00000000c0000000, 0x00000000e6480000, 0x00000000eaa80000)
  object space 627200K, 91% used [0x00000000c0000000,0x00000000e2d9cea0,0x00000000e6480000)
 PSPermGen       total 262144K, used 161403K [0x00000000a0000000, 0x00000000b0000000, 0x00000000c0000000)
  object space 262144K, 61% used [0x00000000a0000000,0x00000000a9d9edf0,0x00000000b0000000)
GC Heap History (10 events):
Event: 74014.385 GC heap after
Heap after GC invocations=1119 (full 54):
 PSYoungGen      total 329216K, used 128K [0x00000000eaa80000, 0x00000000fff80000, 0x0000000100000000)
  eden space 309760K, 0% used [0x00000000eaa80000,0x00000000eaa80000,0x00000000fd900000)
  from space 19456K, 0% used [0x00000000fd900000,0x00000000fd920000,0x00000000fec00000)
  to   space 18944K, 0% used [0x00000000fed00000,0x00000000fed00000,0x00000000fff80000)
 ParOldGen       total 627200K, used 595016K [0x00000000c0000000, 0x00000000e6480000, 0x00000000eaa80000)
  object space 627200K, 94% used [0x00000000c0000000,0x00000000e45120f0,0x00000000e6480000)
 PSPermGen       total 262144K, used 158630K [0x00000000a0000000, 0x00000000b0000000, 0x00000000c0000000)
  object space 262144K, 60% used [0x00000000a0000000,0x00000000a9ae9ac0,0x00000000b0000000)
}
Event: 74014.909 GC heap before
{Heap before GC invocations=1120 (full 54):
 PSYoungGen      total 329216K, used 309888K [0x00000000eaa80000, 0x00000000fff80000, 0x0000000100000000)
  eden space 309760K, 100% used [0x00000000eaa80000,0x00000000fd900000,0x00000000fd900000)
  from space 19456K, 0% used [0x00000000fd900000,0x00000000fd920000,0x00000000fec00000)
  to   space 18944K, 0% used [0x00000000fed00000,0x00000000fed00000,0x00000000fff80000)
 ParOldGen       total 627200K, used 595016K [0x00000000c0000000, 0x00000000e6480000, 0x00000000eaa80000)
  object space 627200K, 94% used [0x00000000c0000000,0x00000000e45120f0,0x00000000e6480000)
 PSPermGen       total 262144K, used 158632K [0x00000000a0000000, 0x00000000b0000000, 0x00000000c0000000)
  object space 262144K, 60% used [0x00000000a0000000,0x00000000a9aea160,0x00000000b0000000)
Event: 74014.918 GC heap after
Heap after GC invocations=1120 (full 54):
 PSYoungGen      total 327168K, used 5004K [0x00000000eaa80000, 0x00000000ffc80000, 0x0000000100000000)
  eden space 311296K, 0% used [0x00000000eaa80000,0x00000000eaa80000,0x00000000fda80000)
  from space 15872K, 31% used [0x00000000fed00000,0x00000000ff1e3048,0x00000000ffc80000)
  to   space 17408K, 0% used [0x00000000fda80000,0x00000000fda80000,0x00000000feb80000)
 ParOldGen       total 627200K, used 595040K [0x00000000c0000000, 0x00000000e6480000, 0x00000000eaa80000)
  object space 627200K, 94% used [0x00000000c0000000,0x00000000e45180f0,0x00000000e6480000)
 PSPermGen       total 262144K, used 158632K [0x00000000a0000000, 0x00000000b0000000, 0x00000000c0000000)
  object space 262144K, 60% used [0x00000000a0000000,0x00000000a9aea160,0x00000000b0000000)
}
Event: 74016.117 GC heap before
{Heap before GC invocations=1121 (full 54):
 PSYoungGen      total 327168K, used 316300K [0x00000000eaa80000, 0x00000000ffc80000, 0x0000000100000000)
  eden space 311296K, 100% used [0x00000000eaa80000,0x00000000fda80000,0x00000000fda80000)
  from space 15872K, 31% used [0x00000000fed00000,0x00000000ff1e3048,0x00000000ffc80000)
  to   space 17408K, 0% used [0x00000000fda80000,0x00000000fda80000,0x00000000feb80000)
 ParOldGen       total 627200K, used 595040K [0x00000000c0000000, 0x00000000e6480000, 0x00000000eaa80000)
  object space 627200K, 94% used [0x00000000c0000000,0x00000000e45180f0,0x00000000e6480000)
 PSPermGen       total 262144K, used 158632K [0x00000000a0000000, 0x00000000b0000000, 0x00000000c0000000)
  object space 262144K, 60% used [0x00000000a0000000,0x00000000a9aea180,0x00000000b0000000)
Event: 74016.154 GC heap after
Heap after GC invocations=1121 (full 54):
 PSYoungGen      total 328704K, used 17404K [0x00000000eaa80000, 0x0000000100000000, 0x0000000100000000)
  eden space 311296K, 0% used [0x00000000eaa80000,0x00000000eaa80000,0x00000000fda80000)
  from space 17408K, 99% used [0x00000000fda80000,0x00000000feb7f328,0x00000000feb80000)
  to   space 20992K, 0% used [0x00000000feb80000,0x00000000feb80000,0x0000000100000000)
 ParOldGen       total 627200K, used 601093K [0x00000000c0000000, 0x00000000e6480000, 0x00000000eaa80000)
  object space 627200K, 95% used [0x00000000c0000000,0x00000000e4b01410,0x00000000e6480000)
 PSPermGen       total 262144K, used 158632K [0x00000000a0000000, 0x00000000b0000000, 0x00000000c0000000)
  object space 262144K, 60% used [0x00000000a0000000,0x00000000a9aea180,0x00000000b0000000)
}
Event: 74020.676 GC heap before
{Heap before GC invocations=1122 (full 54):
 PSYoungGen      total 328704K, used 328700K [0x00000000eaa80000, 0x0000000100000000, 0x0000000100000000)
  eden space 311296K, 100% used [0x00000000eaa80000,0x00000000fda80000,0x00000000fda80000)
  from space 17408K, 99% used [0x00000000fda80000,0x00000000feb7f328,0x00000000feb80000)
  to   space 20992K, 0% used [0x00000000feb80000,0x00000000feb80000,0x0000000100000000)
 ParOldGen       total 627200K, used 601093K [0x00000000c0000000, 0x00000000e6480000, 0x00000000eaa80000)
  object space 627200K, 95% used [0x00000000c0000000,0x00000000e4b01410,0x00000000e6480000)
 PSPermGen       total 262144K, used 158861K [0x00000000a0000000, 0x00000000b0000000, 0x00000000c0000000)
  object space 262144K, 60% used [0x00000000a0000000,0x00000000a9b23728,0x00000000b0000000)
Event: 74020.896 GC heap after
Heap after GC invocations=1122 (full 54):
 PSYoungGen      total 315392K, used 20989K [0x00000000eaa80000, 0x0000000100000000, 0x0000000100000000)
  eden space 294400K, 0% used [0x00000000eaa80000,0x00000000eaa80000,0x00000000fca00000)
  from space 20992K, 99% used [0x00000000feb80000,0x00000000fffff590,0x0000000100000000)
  to   space 27648K, 0% used [0x00000000fca00000,0x00000000fca00000,0x00000000fe500000)
 ParOldGen       total 627200K, used 602424K [0x00000000c0000000, 0x00000000e6480000, 0x00000000eaa80000)
  object space 627200K, 96% used [0x00000000c0000000,0x00000000e4c4e110,0x00000000e6480000)
 PSPermGen       total 262144K, used 158861K [0x00000000a0000000, 0x00000000b0000000, 0x00000000c0000000)
  object space 262144K, 60% used [0x00000000a0000000,0x00000000a9b23728,0x00000000b0000000)
}
Event: 74032.019 GC heap before
{Heap before GC invocations=1123 (full 54):
 PSYoungGen      total 315392K, used 315389K [0x00000000eaa80000, 0x0000000100000000, 0x0000000100000000)
  eden space 294400K, 100% used [0x00000000eaa80000,0x00000000fca00000,0x00000000fca00000)
  from space 20992K, 99% used [0x00000000feb80000,0x00000000fffff590,0x0000000100000000)
  to   space 27648K, 0% used [0x00000000fca00000,0x00000000fca00000,0x00000000fe500000)
 ParOldGen       total 627200K, used 602424K [0x00000000c0000000, 0x00000000e6480000, 0x00000000eaa80000)
  object space 627200K, 96% used [0x00000000c0000000,0x00000000e4c4e110,0x00000000e6480000)
 PSPermGen       total 262144K, used 161424K [0x00000000a0000000, 0x00000000b0000000, 0x00000000c0000000)
  object space 262144K, 61% used [0x00000000a0000000,0x00000000a9da4338,0x00000000b0000000)
Event: 74032.322 GC heap after
Heap after GC invocations=1123 (full 54):
 PSYoungGen      total 322048K, used 12197K [0x00000000eaa80000, 0x0000000100000000, 0x0000000100000000)
  eden space 294400K, 0% used [0x00000000eaa80000,0x00000000eaa80000,0x00000000fca00000)
  from space 27648K, 44% used [0x00000000fca00000,0x00000000fd5e97f0,0x00000000fe500000)
  to   space 27136K, 0% used [0x00000000fe580000,0x00000000fe580000,0x0000000100000000)
 ParOldGen       total 627200K, used 622908K [0x00000000c0000000, 0x00000000e6480000, 0x00000000eaa80000)
  object space 627200K, 99% used [0x00000000c0000000,0x00000000e604f0c0,0x00000000e6480000)
 PSPermGen       total 262144K, used 161424K [0x00000000a0000000, 0x00000000b0000000, 0x00000000c0000000)
  object space 262144K, 61% used [0x00000000a0000000,0x00000000a9da4338,0x00000000b0000000)
}
Event: 74032.798 GC heap before
{Heap before GC invocations=1124 (full 55):
 PSYoungGen      total 322048K, used 12197K [0x00000000eaa80000, 0x0000000100000000, 0x0000000100000000)
  eden space 294400K, 0% used [0x00000000eaa80000,0x00000000eaa80000,0x00000000fca00000)
  from space 27648K, 44% used [0x00000000fca00000,0x00000000fd5e97f0,0x00000000fe500000)
  to   space 27136K, 0% used [0x00000000fe580000,0x00000000fe580000,0x0000000100000000)
 ParOldGen       total 627200K, used 622908K [0x00000000c0000000, 0x00000000e6480000, 0x00000000eaa80000)
  object space 627200K, 99% used [0x00000000c0000000,0x00000000e604f0c0,0x00000000e6480000)
 PSPermGen       total 262144K, used 161424K [0x00000000a0000000, 0x00000000b0000000, 0x00000000c0000000)
  object space 262144K, 61% used [0x00000000a0000000,0x00000000a9da4338,0x00000000b0000000)

