# JRE version: OpenJDK Runtime Environment (7.0_79-b14) (build 1.7.0_79-b14)
# Java VM: OpenJDK 64-Bit Server VM (24.79-b02 mixed mode linux-amd64 compressed oops)
Heap
 PSYoungGen      total 321024K, used 85851K [0x00000000eaa80000, 0x0000000100000000, 0x0000000100000000)
  eden space 301568K, 22% used [0x00000000eaa80000,0x00000000eeb5e160,0x00000000fd100000)
  from space 19456K, 99% used [0x00000000feb00000,0x00000000ffdf8b60,0x00000000ffe00000)
  to   space 24064K, 0% used [0x00000000fd100000,0x00000000fd100000,0x00000000fe880000)
 ParOldGen       total 561664K, used 482945K [0x00000000c0000000, 0x00000000e2480000, 0x00000000eaa80000)
  object space 561664K, 85% used [0x00000000c0000000,0x00000000dd7a0570,0x00000000e2480000)
 PSPermGen       total 262144K, used 144209K [0x00000000a0000000, 0x00000000b0000000, 0x00000000c0000000)
  object space 262144K, 55% used [0x00000000a0000000,0x00000000a8cd4650,0x00000000b0000000)
GC Heap History (10 events):
Event: 66602.415 GC heap before
{Heap before GC invocations=745 (full 37):
 PSYoungGen      total 328192K, used 312942K [0x00000000eaa80000, 0x0000000100000000, 0x0000000100000000)
  eden space 306688K, 100% used [0x00000000eaa80000,0x00000000fd600000,0x00000000fd600000)
  from space 21504K, 29% used [0x00000000fd600000,0x00000000fdc1b928,0x00000000feb00000)
  to   space 20480K, 0% used [0x00000000fec00000,0x00000000fec00000,0x0000000100000000)
 ParOldGen       total 561664K, used 476940K [0x00000000c0000000, 0x00000000e2480000, 0x00000000eaa80000)
  object space 561664K, 84% used [0x00000000c0000000,0x00000000dd1c3398,0x00000000e2480000)
 PSPermGen       total 262144K, used 144129K [0x00000000a0000000, 0x00000000b0000000, 0x00000000c0000000)
  object space 262144K, 54% used [0x00000000a0000000,0x00000000a8cc0468,0x00000000b0000000)
Event: 66602.424 GC heap after
Heap after GC invocations=745 (full 37):
 PSYoungGen      total 328192K, used 1665K [0x00000000eaa80000, 0x0000000100000000, 0x0000000100000000)
  eden space 307712K, 0% used [0x00000000eaa80000,0x00000000eaa80000,0x00000000fd700000)
  from space 20480K, 8% used [0x00000000fec00000,0x00000000feda07f0,0x0000000100000000)
  to   space 20992K, 0% used [0x00000000fd700000,0x00000000fd700000,0x00000000feb80000)
 ParOldGen       total 561664K, used 477340K [0x00000000c0000000, 0x00000000e2480000, 0x00000000eaa80000)
  object space 561664K, 84% used [0x00000000c0000000,0x00000000dd227398,0x00000000e2480000)
 PSPermGen       total 262144K, used 144129K [0x00000000a0000000, 0x00000000b0000000, 0x00000000c0000000)
  object space 262144K, 54% used [0x00000000a0000000,0x00000000a8cc0468,0x00000000b0000000)
}
Event: 66602.780 GC heap before
{Heap before GC invocations=746 (full 37):
 PSYoungGen      total 328192K, used 309377K [0x00000000eaa80000, 0x0000000100000000, 0x0000000100000000)
  eden space 307712K, 100% used [0x00000000eaa80000,0x00000000fd700000,0x00000000fd700000)
  from space 20480K, 8% used [0x00000000fec00000,0x00000000feda07f0,0x0000000100000000)
  to   space 20992K, 0% used [0x00000000fd700000,0x00000000fd700000,0x00000000feb80000)
 ParOldGen       total 561664K, used 477340K [0x00000000c0000000, 0x00000000e2480000, 0x00000000eaa80000)
  object space 561664K, 84% used [0x00000000c0000000,0x00000000dd227398,0x00000000e2480000)
 PSPermGen       total 262144K, used 144207K [0x00000000a0000000, 0x00000000b0000000, 0x00000000c0000000)
  object space 262144K, 55% used [0x00000000a0000000,0x00000000a8cd3dc0,0x00000000b0000000)
Event: 66602.788 GC heap after
Heap after GC invocations=746 (full 37):
 PSYoungGen      total 328704K, used 2432K [0x00000000eaa80000, 0x00000000fff80000, 0x0000000100000000)
  eden space 307712K, 0% used [0x00000000eaa80000,0x00000000eaa80000,0x00000000fd700000)
  from space 20992K, 11% used [0x00000000fd700000,0x00000000fd960000,0x00000000feb80000)
  to   space 20480K, 0% used [0x00000000feb80000,0x00000000feb80000,0x00000000fff80000)
 ParOldGen       total 561664K, used 477772K [0x00000000c0000000, 0x00000000e2480000, 0x00000000eaa80000)
  object space 561664K, 85% used [0x00000000c0000000,0x00000000dd293398,0x00000000e2480000)
 PSPermGen       total 262144K, used 144207K [0x00000000a0000000, 0x00000000b0000000, 0x00000000c0000000)
  object space 262144K, 55% used [0x00000000a0000000,0x00000000a8cd3dc0,0x00000000b0000000)
}
Event: 66603.073 GC heap before
{Heap before GC invocations=747 (full 37):
 PSYoungGen      total 328704K, used 310144K [0x00000000eaa80000, 0x00000000fff80000, 0x0000000100000000)
  eden space 307712K, 100% used [0x00000000eaa80000,0x00000000fd700000,0x00000000fd700000)
  from space 20992K, 11% used [0x00000000fd700000,0x00000000fd960000,0x00000000feb80000)
  to   space 20480K, 0% used [0x00000000feb80000,0x00000000feb80000,0x00000000fff80000)
 ParOldGen       total 561664K, used 477772K [0x00000000c0000000, 0x00000000e2480000, 0x00000000eaa80000)
  object space 561664K, 85% used [0x00000000c0000000,0x00000000dd293398,0x00000000e2480000)
 PSPermGen       total 262144K, used 144207K [0x00000000a0000000, 0x00000000b0000000, 0x00000000c0000000)
  object space 262144K, 55% used [0x00000000a0000000,0x00000000a8cd3dc0,0x00000000b0000000)
Event: 66603.082 GC heap after
Heap after GC invocations=747 (full 37):
 PSYoungGen      total 328704K, used 192K [0x00000000eaa80000, 0x00000000fff80000, 0x0000000100000000)
  eden space 308224K, 0% used [0x00000000eaa80000,0x00000000eaa80000,0x00000000fd780000)
  from space 20480K, 0% used [0x00000000feb80000,0x00000000febb0000,0x00000000fff80000)
  to   space 20480K, 0% used [0x00000000fd780000,0x00000000fd780000,0x00000000feb80000)
 ParOldGen       total 561664K, used 479956K [0x00000000c0000000, 0x00000000e2480000, 0x00000000eaa80000)
  object space 561664K, 85% used [0x00000000c0000000,0x00000000dd4b5398,0x00000000e2480000)
 PSPermGen       total 262144K, used 144207K [0x00000000a0000000, 0x00000000b0000000, 0x00000000c0000000)
  object space 262144K, 55% used [0x00000000a0000000,0x00000000a8cd3dc0,0x00000000b0000000)
}
Event: 66603.505 GC heap before
{Heap before GC invocations=748 (full 37):
 PSYoungGen      total 328704K, used 308416K [0x00000000eaa80000, 0x00000000fff80000, 0x0000000100000000)
  eden space 308224K, 100% used [0x00000000eaa80000,0x00000000fd780000,0x00000000fd780000)
  from space 20480K, 0% used [0x00000000feb80000,0x00000000febb0000,0x00000000fff80000)
  to   space 20480K, 0% used [0x00000000fd780000,0x00000000fd780000,0x00000000feb80000)
 ParOldGen       total 561664K, used 479956K [0x00000000c0000000, 0x00000000e2480000, 0x00000000eaa80000)
  object space 561664K, 85% used [0x00000000c0000000,0x00000000dd4b5398,0x00000000e2480000)
 PSPermGen       total 262144K, used 144208K [0x00000000a0000000, 0x00000000b0000000, 0x00000000c0000000)
  object space 262144K, 55% used [0x00000000a0000000,0x00000000a8cd42e0,0x00000000b0000000)
Event: 66603.513 GC heap after
Heap after GC invocations=748 (full 37):
 PSYoungGen      total 312832K, used 4356K [0x00000000eaa80000, 0x00000000ffe00000, 0x0000000100000000)
  eden space 308224K, 0% used [0x00000000eaa80000,0x00000000eaa80000,0x00000000fd780000)
  from space 4608K, 94% used [0x00000000fd780000,0x00000000fdbc12e0,0x00000000fdc00000)
  to   space 19456K, 0% used [0x00000000feb00000,0x00000000feb00000,0x00000000ffe00000)
 ParOldGen       total 561664K, used 479996K [0x00000000c0000000, 0x00000000e2480000, 0x00000000eaa80000)
  object space 561664K, 85% used [0x00000000c0000000,0x00000000dd4bf398,0x00000000e2480000)
 PSPermGen       total 262144K, used 144208K [0x00000000a0000000, 0x00000000b0000000, 0x00000000c0000000)
  object space 262144K, 55% used [0x00000000a0000000,0x00000000a8cd42e0,0x00000000b0000000)
}
Event: 66604.100 GC heap before
{Heap before GC invocations=749 (full 37):
 PSYoungGen      total 312832K, used 312580K [0x00000000eaa80000, 0x00000000ffe00000, 0x0000000100000000)
  eden space 308224K, 100% used [0x00000000eaa80000,0x00000000fd780000,0x00000000fd780000)
  from space 4608K, 94% used [0x00000000fd780000,0x00000000fdbc12e0,0x00000000fdc00000)
  to   space 19456K, 0% used [0x00000000feb00000,0x00000000feb00000,0x00000000ffe00000)
 ParOldGen       total 561664K, used 479996K [0x00000000c0000000, 0x00000000e2480000, 0x00000000eaa80000)
  object space 561664K, 85% used [0x00000000c0000000,0x00000000dd4bf398,0x00000000e2480000)
 PSPermGen       total 262144K, used 144209K [0x00000000a0000000, 0x00000000b0000000, 0x00000000c0000000)
  object space 262144K, 55% used [0x00000000a0000000,0x00000000a8cd4498,0x00000000b0000000)
Event: 66604.122 GC heap after
Heap after GC invocations=749 (full 37):
 PSYoungGen      total 321024K, used 19426K [0x00000000eaa80000, 0x0000000100000000, 0x0000000100000000)
  eden space 301568K, 0% used [0x00000000eaa80000,0x00000000eaa80000,0x00000000fd100000)
  from space 19456K, 99% used [0x00000000feb00000,0x00000000ffdf8b60,0x00000000ffe00000)
  to   space 24064K, 0% used [0x00000000fd100000,0x00000000fd100000,0x00000000fe880000)
 ParOldGen       total 561664K, used 482945K [0x00000000c0000000, 0x00000000e2480000, 0x00000000eaa80000)
  object space 561664K, 85% used [0x00000000c0000000,0x00000000dd7a0570,0x00000000e2480000)
 PSPermGen       total 262144K, used 144209K [0x00000000a0000000, 0x00000000b0000000, 0x00000000c0000000)
  object space 262144K, 55% used [0x00000000a0000000,0x00000000a8cd4498,0x00000000b0000000)
}

