# JRE version: OpenJDK Runtime Environment (7.0_79-b14) (build 1.7.0_79-b14)
# Java VM: OpenJDK 64-Bit Server VM (24.79-b02 mixed mode linux-amd64 compressed oops)
Heap
 PSYoungGen      total 319488K, used 289280K [0x00000000eaa80000, 0x0000000100000000, 0x0000000100000000)
  eden space 289280K, 100% used [0x00000000eaa80000,0x00000000fc500000,0x00000000fc500000)
  from space 30208K, 0% used [0x00000000fc500000,0x00000000fc500000,0x00000000fe280000)
  to   space 30208K, 0% used [0x00000000fe280000,0x00000000fe280000,0x0000000100000000)
 ParOldGen       total 698880K, used 698653K [0x00000000c0000000, 0x00000000eaa80000, 0x00000000eaa80000)
  object space 698880K, 99% used [0x00000000c0000000,0x00000000eaa47728,0x00000000eaa80000)
 PSPermGen       total 262144K, used 209231K [0x00000000a0000000, 0x00000000b0000000, 0x00000000c0000000)
  object space 262144K, 79% used [0x00000000a0000000,0x00000000acc53cb0,0x00000000b0000000)
GC Heap History (10 events):
Event: 76888.303 GC heap after
Heap after GC invocations=2603 (full 1911):
 PSYoungGen      total 319488K, used 287805K [0x00000000eaa80000, 0x0000000100000000, 0x0000000100000000)
  eden space 289280K, 99% used [0x00000000eaa80000,0x00000000fc38f4f0,0x00000000fc500000)
  from space 30208K, 0% used [0x00000000fc500000,0x00000000fc500000,0x00000000fe280000)
  to   space 30208K, 0% used [0x00000000fe280000,0x00000000fe280000,0x0000000100000000)
 ParOldGen       total 698880K, used 698492K [0x00000000c0000000, 0x00000000eaa80000, 0x00000000eaa80000)
  object space 698880K, 99% used [0x00000000c0000000,0x00000000eaa1f198,0x00000000eaa80000)
 PSPermGen       total 262144K, used 213602K [0x00000000a0000000, 0x00000000b0000000, 0x00000000c0000000)
  object space 262144K, 81% used [0x00000000a0000000,0x00000000ad098ab0,0x00000000b0000000)
}
Event: 76888.304 GC heap before
{Heap before GC invocations=2604 (full 1912):
 PSYoungGen      total 319488K, used 289243K [0x00000000eaa80000, 0x0000000100000000, 0x0000000100000000)
  eden space 289280K, 99% used [0x00000000eaa80000,0x00000000fc4f6c58,0x00000000fc500000)
  from space 30208K, 0% used [0x00000000fc500000,0x00000000fc500000,0x00000000fe280000)
  to   space 30208K, 0% used [0x00000000fe280000,0x00000000fe280000,0x0000000100000000)
 ParOldGen       total 698880K, used 698492K [0x00000000c0000000, 0x00000000eaa80000, 0x00000000eaa80000)
  object space 698880K, 99% used [0x00000000c0000000,0x00000000eaa1f198,0x00000000eaa80000)
 PSPermGen       total 262144K, used 213602K [0x00000000a0000000, 0x00000000b0000000, 0x00000000c0000000)
  object space 262144K, 81% used [0x00000000a0000000,0x00000000ad098ab0,0x00000000b0000000)
Event: 76889.188 GC heap after
Heap after GC invocations=2604 (full 1912):
 PSYoungGen      total 319488K, used 287810K [0x00000000eaa80000, 0x0000000100000000, 0x0000000100000000)
  eden space 289280K, 99% used [0x00000000eaa80000,0x00000000fc390810,0x00000000fc500000)
  from space 30208K, 0% used [0x00000000fc500000,0x00000000fc500000,0x00000000fe280000)
  to   space 30208K, 0% used [0x00000000fe280000,0x00000000fe280000,0x0000000100000000)
 ParOldGen       total 698880K, used 698492K [0x00000000c0000000, 0x00000000eaa80000, 0x00000000eaa80000)
  object space 698880K, 99% used [0x00000000c0000000,0x00000000eaa1f198,0x00000000eaa80000)
 PSPermGen       total 262144K, used 213602K [0x00000000a0000000, 0x00000000b0000000, 0x00000000c0000000)
  object space 262144K, 81% used [0x00000000a0000000,0x00000000ad098ab0,0x00000000b0000000)
}
Event: 76889.224 GC heap before
{Heap before GC invocations=2605 (full 1913):
 PSYoungGen      total 319488K, used 289280K [0x00000000eaa80000, 0x0000000100000000, 0x0000000100000000)
  eden space 289280K, 100% used [0x00000000eaa80000,0x00000000fc500000,0x00000000fc500000)
  from space 30208K, 0% used [0x00000000fc500000,0x00000000fc500000,0x00000000fe280000)
  to   space 30208K, 0% used [0x00000000fe280000,0x00000000fe280000,0x0000000100000000)
 ParOldGen       total 698880K, used 698492K [0x00000000c0000000, 0x00000000eaa80000, 0x00000000eaa80000)
  object space 698880K, 99% used [0x00000000c0000000,0x00000000eaa1f198,0x00000000eaa80000)
 PSPermGen       total 262144K, used 213627K [0x00000000a0000000, 0x00000000b0000000, 0x00000000c0000000)
  object space 262144K, 81% used [0x00000000a0000000,0x00000000ad09eed0,0x00000000b0000000)
Event: 76890.846 GC heap after
Heap after GC invocations=2605 (full 1913):
 PSYoungGen      total 319488K, used 281144K [0x00000000eaa80000, 0x0000000100000000, 0x0000000100000000)
  eden space 289280K, 97% used [0x00000000eaa80000,0x00000000fbd0e028,0x00000000fc500000)
  from space 30208K, 0% used [0x00000000fc500000,0x00000000fc500000,0x00000000fe280000)
  to   space 30208K, 0% used [0x00000000fe280000,0x00000000fe280000,0x0000000100000000)
 ParOldGen       total 698880K, used 698658K [0x00000000c0000000, 0x00000000eaa80000, 0x00000000eaa80000)
  object space 698880K, 99% used [0x00000000c0000000,0x00000000eaa48b70,0x00000000eaa80000)
 PSPermGen       total 262144K, used 209057K [0x00000000a0000000, 0x00000000b0000000, 0x00000000c0000000)
  object space 262144K, 79% used [0x00000000a0000000,0x00000000acc28610,0x00000000b0000000)
}
Event: 76892.916 GC heap before
{Heap before GC invocations=2606 (full 1914):
 PSYoungGen      total 319488K, used 289280K [0x00000000eaa80000, 0x0000000100000000, 0x0000000100000000)
  eden space 289280K, 100% used [0x00000000eaa80000,0x00000000fc500000,0x00000000fc500000)
  from space 30208K, 0% used [0x00000000fc500000,0x00000000fc500000,0x00000000fe280000)
  to   space 30208K, 0% used [0x00000000fe280000,0x00000000fe280000,0x0000000100000000)
 ParOldGen       total 698880K, used 698658K [0x00000000c0000000, 0x00000000eaa80000, 0x00000000eaa80000)
  object space 698880K, 99% used [0x00000000c0000000,0x00000000eaa48b70,0x00000000eaa80000)
 PSPermGen       total 262144K, used 209177K [0x00000000a0000000, 0x00000000b0000000, 0x00000000c0000000)
  object space 262144K, 79% used [0x00000000a0000000,0x00000000acc46570,0x00000000b0000000)
Event: 76894.529 GC heap after
Heap after GC invocations=2606 (full 1914):
 PSYoungGen      total 319488K, used 276612K [0x00000000eaa80000, 0x0000000100000000, 0x0000000100000000)
  eden space 289280K, 95% used [0x00000000eaa80000,0x00000000fb8a10e8,0x00000000fc500000)
  from space 30208K, 0% used [0x00000000fc500000,0x00000000fc500000,0x00000000fe280000)
  to   space 30208K, 0% used [0x00000000fe280000,0x00000000fe280000,0x0000000100000000)
 ParOldGen       total 698880K, used 698671K [0x00000000c0000000, 0x00000000eaa80000, 0x00000000eaa80000)
  object space 698880K, 99% used [0x00000000c0000000,0x00000000eaa4bce8,0x00000000eaa80000)
 PSPermGen       total 262144K, used 209162K [0x00000000a0000000, 0x00000000b0000000, 0x00000000c0000000)
  object space 262144K, 79% used [0x00000000a0000000,0x00000000acc42ab8,0x00000000b0000000)
}
Event: 76895.808 GC heap before
{Heap before GC invocations=2607 (full 1915):
 PSYoungGen      total 319488K, used 288321K [0x00000000eaa80000, 0x0000000100000000, 0x0000000100000000)
  eden space 289280K, 99% used [0x00000000eaa80000,0x00000000fc410728,0x00000000fc500000)
  from space 30208K, 0% used [0x00000000fc500000,0x00000000fc500000,0x00000000fe280000)
  to   space 30208K, 0% used [0x00000000fe280000,0x00000000fe280000,0x0000000100000000)
 ParOldGen       total 698880K, used 698671K [0x00000000c0000000, 0x00000000eaa80000, 0x00000000eaa80000)
  object space 698880K, 99% used [0x00000000c0000000,0x00000000eaa4bce8,0x00000000eaa80000)
 PSPermGen       total 262144K, used 209218K [0x00000000a0000000, 0x00000000b0000000, 0x00000000c0000000)
  object space 262144K, 79% used [0x00000000a0000000,0x00000000acc50bb8,0x00000000b0000000)
Event: 76897.481 GC heap after
Heap after GC invocations=2607 (full 1915):
 PSYoungGen      total 319488K, used 277294K [0x00000000eaa80000, 0x0000000100000000, 0x0000000100000000)
  eden space 289280K, 95% used [0x00000000eaa80000,0x00000000fb94b888,0x00000000fc500000)
  from space 30208K, 0% used [0x00000000fc500000,0x00000000fc500000,0x00000000fe280000)
  to   space 30208K, 0% used [0x00000000fe280000,0x00000000fe280000,0x0000000100000000)
 ParOldGen       total 698880K, used 698653K [0x00000000c0000000, 0x00000000eaa80000, 0x00000000eaa80000)
  object space 698880K, 99% used [0x00000000c0000000,0x00000000eaa47728,0x00000000eaa80000)
 PSPermGen       total 262144K, used 209180K [0x00000000a0000000, 0x00000000b0000000, 0x00000000c0000000)
  object space 262144K, 79% used [0x00000000a0000000,0x00000000acc47338,0x00000000b0000000)
}
Event: 76898.187 GC heap before
{Heap before GC invocations=2608 (full 1916):
 PSYoungGen      total 319488K, used 289280K [0x00000000eaa80000, 0x0000000100000000, 0x0000000100000000)
  eden space 289280K, 100% used [0x00000000eaa80000,0x00000000fc500000,0x00000000fc500000)
  from space 30208K, 0% used [0x00000000fc500000,0x00000000fc500000,0x00000000fe280000)
  to   space 30208K, 0% used [0x00000000fe280000,0x00000000fe280000,0x0000000100000000)
 ParOldGen       total 698880K, used 698653K [0x00000000c0000000, 0x00000000eaa80000, 0x00000000eaa80000)
  object space 698880K, 99% used [0x00000000c0000000,0x00000000eaa47728,0x00000000eaa80000)
 PSPermGen       total 262144K, used 209231K [0x00000000a0000000, 0x00000000b0000000, 0x00000000c0000000)
  object space 262144K, 79% used [0x00000000a0000000,0x00000000acc53cb0,0x00000000b0000000)

