# JRE version: OpenJDK Runtime Environment (7.0_79-b14) (build 1.7.0_79-b14)
# Java VM: OpenJDK 64-Bit Server VM (24.79-b02 mixed mode linux-amd64 compressed oops)
Heap
 PSYoungGen      total 329216K, used 275132K [0x00000000eaa80000, 0x00000000fff80000, 0x0000000100000000)
  eden space 310784K, 85% used [0x00000000eaa80000,0x00000000faed00d0,0x00000000fda00000)
  from space 18432K, 46% used [0x00000000fda00000,0x00000000fe25f028,0x00000000fec00000)
  to   space 17920K, 0% used [0x00000000fee00000,0x00000000fee00000,0x00000000fff80000)
 ParOldGen       total 443392K, used 409109K [0x00000000c0000000, 0x00000000db100000, 0x00000000eaa80000)
  object space 443392K, 92% used [0x00000000c0000000,0x00000000d8f85520,0x00000000db100000)
 PSPermGen       total 262144K, used 135597K [0x00000000a0000000, 0x00000000b0000000, 0x00000000c0000000)
  object space 262144K, 51% used [0x00000000a0000000,0x00000000a846b4e8,0x00000000b0000000)
GC Heap History (10 events):
Event: 90211.622 GC heap before
{Heap before GC invocations=1471 (full 70):
 PSYoungGen      total 326144K, used 313019K [0x00000000eaa80000, 0x00000000ffd00000, 0x0000000100000000)
  eden space 304640K, 100% used [0x00000000eaa80000,0x00000000fd400000,0x00000000fd400000)
  from space 21504K, 38% used [0x00000000fe800000,0x00000000ff02ed20,0x00000000ffd00000)
  to   space 20480K, 0% used [0x00000000fd400000,0x00000000fd400000,0x00000000fe800000)
 ParOldGen       total 443392K, used 402108K [0x00000000c0000000, 0x00000000db100000, 0x00000000eaa80000)
  object space 443392K, 90% used [0x00000000c0000000,0x00000000d88af2f0,0x00000000db100000)
 PSPermGen       total 262144K, used 134900K [0x00000000a0000000, 0x00000000b0000000, 0x00000000c0000000)
  object space 262144K, 51% used [0x00000000a0000000,0x00000000a83bd190,0x00000000b0000000)
Event: 90211.630 GC heap after
Heap after GC invocations=1471 (full 70):
 PSYoungGen      total 325120K, used 1408K [0x00000000eaa80000, 0x00000000ffe00000, 0x0000000100000000)
  eden space 304640K, 0% used [0x00000000eaa80000,0x00000000eaa80000,0x00000000fd400000)
  from space 20480K, 6% used [0x00000000fd400000,0x00000000fd560000,0x00000000fe800000)
  to   space 19968K, 0% used [0x00000000fea80000,0x00000000fea80000,0x00000000ffe00000)
 ParOldGen       total 443392K, used 402108K [0x00000000c0000000, 0x00000000db100000, 0x00000000eaa80000)
  object space 443392K, 90% used [0x00000000c0000000,0x00000000d88af2f0,0x00000000db100000)
 PSPermGen       total 262144K, used 134900K [0x00000000a0000000, 0x00000000b0000000, 0x00000000c0000000)
  object space 262144K, 51% used [0x00000000a0000000,0x00000000a83bd190,0x00000000b0000000)
}
Event: 90212.015 GC heap before
{Heap before GC invocations=1472 (full 70):
 PSYoungGen      total 325120K, used 306048K [0x00000000eaa80000, 0x00000000ffe00000, 0x0000000100000000)
  eden space 304640K, 100% used [0x00000000eaa80000,0x00000000fd400000,0x00000000fd400000)
  from space 20480K, 6% used [0x00000000fd400000,0x00000000fd560000,0x00000000fe800000)
  to   space 19968K, 0% used [0x00000000fea80000,0x00000000fea80000,0x00000000ffe00000)
 ParOldGen       total 443392K, used 402108K [0x00000000c0000000, 0x00000000db100000, 0x00000000eaa80000)
  object space 443392K, 90% used [0x00000000c0000000,0x00000000d88af2f0,0x00000000db100000)
 PSPermGen       total 262144K, used 134900K [0x00000000a0000000, 0x00000000b0000000, 0x00000000c0000000)
  object space 262144K, 51% used [0x00000000a0000000,0x00000000a83bd190,0x00000000b0000000)
Event: 90212.024 GC heap after
Heap after GC invocations=1472 (full 70):
 PSYoungGen      total 328192K, used 3440K [0x00000000eaa80000, 0x00000000ffe80000, 0x0000000100000000)
  eden space 308224K, 0% used [0x00000000eaa80000,0x00000000eaa80000,0x00000000fd780000)
  from space 19968K, 17% used [0x00000000fea80000,0x00000000feddc3c0,0x00000000ffe00000)
  to   space 19456K, 0% used [0x00000000fd780000,0x00000000fd780000,0x00000000fea80000)
 ParOldGen       total 443392K, used 402132K [0x00000000c0000000, 0x00000000db100000, 0x00000000eaa80000)
  object space 443392K, 90% used [0x00000000c0000000,0x00000000d88b52f0,0x00000000db100000)
 PSPermGen       total 262144K, used 134900K [0x00000000a0000000, 0x00000000b0000000, 0x00000000c0000000)
  object space 262144K, 51% used [0x00000000a0000000,0x00000000a83bd190,0x00000000b0000000)
}
Event: 90212.724 GC heap before
{Heap before GC invocations=1473 (full 70):
 PSYoungGen      total 328192K, used 311664K [0x00000000eaa80000, 0x00000000ffe80000, 0x0000000100000000)
  eden space 308224K, 100% used [0x00000000eaa80000,0x00000000fd780000,0x00000000fd780000)
  from space 19968K, 17% used [0x00000000fea80000,0x00000000feddc3c0,0x00000000ffe00000)
  to   space 19456K, 0% used [0x00000000fd780000,0x00000000fd780000,0x00000000fea80000)
 ParOldGen       total 443392K, used 402132K [0x00000000c0000000, 0x00000000db100000, 0x00000000eaa80000)
  object space 443392K, 90% used [0x00000000c0000000,0x00000000d88b52f0,0x00000000db100000)
 PSPermGen       total 262144K, used 135544K [0x00000000a0000000, 0x00000000b0000000, 0x00000000c0000000)
  object space 262144K, 51% used [0x00000000a0000000,0x00000000a845e3d0,0x00000000b0000000)
Event: 90212.739 GC heap after
Heap after GC invocations=1473 (full 70):
 PSYoungGen      total 327680K, used 9864K [0x00000000eaa80000, 0x00000000fff80000, 0x0000000100000000)
  eden space 308224K, 0% used [0x00000000eaa80000,0x00000000eaa80000,0x00000000fd780000)
  from space 19456K, 50% used [0x00000000fd780000,0x00000000fe122008,0x00000000fea80000)
  to   space 19456K, 0% used [0x00000000fec80000,0x00000000fec80000,0x00000000fff80000)
 ParOldGen       total 443392K, used 402156K [0x00000000c0000000, 0x00000000db100000, 0x00000000eaa80000)
  object space 443392K, 90% used [0x00000000c0000000,0x00000000d88bb2f0,0x00000000db100000)
 PSPermGen       total 262144K, used 135544K [0x00000000a0000000, 0x00000000b0000000, 0x00000000c0000000)
  object space 262144K, 51% used [0x00000000a0000000,0x00000000a845e3d0,0x00000000b0000000)
}
Event: 90213.217 GC heap before
{Heap before GC invocations=1474 (full 70):
 PSYoungGen      total 327680K, used 318088K [0x00000000eaa80000, 0x00000000fff80000, 0x0000000100000000)
  eden space 308224K, 100% used [0x00000000eaa80000,0x00000000fd780000,0x00000000fd780000)
  from space 19456K, 50% used [0x00000000fd780000,0x00000000fe122008,0x00000000fea80000)
  to   space 19456K, 0% used [0x00000000fec80000,0x00000000fec80000,0x00000000fff80000)
 ParOldGen       total 443392K, used 402156K [0x00000000c0000000, 0x00000000db100000, 0x00000000eaa80000)
  object space 443392K, 90% used [0x00000000c0000000,0x00000000d88bb2f0,0x00000000db100000)
 PSPermGen       total 262144K, used 135569K [0x00000000a0000000, 0x00000000b0000000, 0x00000000c0000000)
  object space 262144K, 51% used [0x00000000a0000000,0x00000000a8464508,0x00000000b0000000)
Event: 90213.259 GC heap after
Heap after GC invocations=1474 (full 70):
 PSYoungGen      total 328704K, used 4880K [0x00000000eaa80000, 0x00000000ffe00000, 0x0000000100000000)
  eden space 310784K, 0% used [0x00000000eaa80000,0x00000000eaa80000,0x00000000fda00000)
  from space 17920K, 27% used [0x00000000fec80000,0x00000000ff144010,0x00000000ffe00000)
  to   space 18432K, 0% used [0x00000000fda00000,0x00000000fda00000,0x00000000fec00000)
 ParOldGen       total 443392K, used 404368K [0x00000000c0000000, 0x00000000db100000, 0x00000000eaa80000)
  object space 443392K, 91% used [0x00000000c0000000,0x00000000d8ae4330,0x00000000db100000)
 PSPermGen       total 262144K, used 135569K [0x00000000a0000000, 0x00000000b0000000, 0x00000000c0000000)
  object space 262144K, 51% used [0x00000000a0000000,0x00000000a8464508,0x00000000b0000000)
}
Event: 90213.547 GC heap before
{Heap before GC invocations=1475 (full 70):
 PSYoungGen      total 328704K, used 315664K [0x00000000eaa80000, 0x00000000ffe00000, 0x0000000100000000)
  eden space 310784K, 100% used [0x00000000eaa80000,0x00000000fda00000,0x00000000fda00000)
  from space 17920K, 27% used [0x00000000fec80000,0x00000000ff144010,0x00000000ffe00000)
  to   space 18432K, 0% used [0x00000000fda00000,0x00000000fda00000,0x00000000fec00000)
 ParOldGen       total 443392K, used 404368K [0x00000000c0000000, 0x00000000db100000, 0x00000000eaa80000)
  object space 443392K, 91% used [0x00000000c0000000,0x00000000d8ae4330,0x00000000db100000)
 PSPermGen       total 262144K, used 135582K [0x00000000a0000000, 0x00000000b0000000, 0x00000000c0000000)
  object space 262144K, 51% used [0x00000000a0000000,0x00000000a84679f0,0x00000000b0000000)
Event: 90213.559 GC heap after
Heap after GC invocations=1475 (full 70):
 PSYoungGen      total 329216K, used 8572K [0x00000000eaa80000, 0x00000000fff80000, 0x0000000100000000)
  eden space 310784K, 0% used [0x00000000eaa80000,0x00000000eaa80000,0x00000000fda00000)
  from space 18432K, 46% used [0x00000000fda00000,0x00000000fe25f028,0x00000000fec00000)
  to   space 17920K, 0% used [0x00000000fee00000,0x00000000fee00000,0x00000000fff80000)
 ParOldGen       total 443392K, used 409109K [0x00000000c0000000, 0x00000000db100000, 0x00000000eaa80000)
  object space 443392K, 92% used [0x00000000c0000000,0x00000000d8f85520,0x00000000db100000)
 PSPermGen       total 262144K, used 135582K [0x00000000a0000000, 0x00000000b0000000, 0x00000000c0000000)
  object space 262144K, 51% used [0x00000000a0000000,0x00000000a84679f0,0x00000000b0000000)
}

